<?xml version="1.0" encoding="UTF-8"?>
<testsuite name="RegisterTest" tests="1" skipped="0" failures="0" errors="0" timestamp="2021-02-08T21:58:33" hostname="DESKTOP-T9RUIH0" time="0.026">
  <properties/>
  <testcase name="testGetGradesAbove60" classname="RegisterTest" time="0.026"/>
  <system-out><![CDATA[[75.4, 64.3, 89.9, 91.0]
]]></system-out>
  <system-err><![CDATA[]]></system-err>
</testsuite>
