<?xml version="1.0" encoding="UTF-8"?>
<testsuite name="RegisterTest" tests="1" skipped="0" failures="0" errors="0" timestamp="2021-02-05T11:04:42" hostname="DESKTOP-T9RUIH0" time="0.036">
  <properties/>
  <testcase name="testPrintRegister" classname="RegisterTest" time="0.036"/>
  <system-out><![CDATA[
===========================
Level L100

Kwame
Akua

===========================
Level L300

Sylvia

]]></system-out>
  <system-err><![CDATA[]]></system-err>
</testsuite>
