<?xml version="1.0" encoding="UTF-8"?>
<testsuite name="RegisterTest" tests="5" skipped="0" failures="0" errors="0" timestamp="2021-02-05T18:45:47" hostname="DESKTOP-T9RUIH0" time="0.06">
  <properties/>
  <testcase name="testGetStudentByNameShouldThrow" classname="RegisterTest" time="0.008"/>
  <testcase name="testRegisterCtorShouldAcceptListOfNaughtyStudents" classname="RegisterTest" time="0.007"/>
  <testcase name="testGetStudentByName" classname="RegisterTest" time="0.0"/>
  <testcase name="testGetRegister" classname="RegisterTest" time="0.001"/>
  <testcase name="testPrintRegister" classname="RegisterTest" time="0.042"/>
  <system-out><![CDATA[
===========================
Level L100

Akua
Kwame

===========================
Level L300

Sylvia

]]></system-out>
  <system-err><![CDATA[]]></system-err>
</testsuite>
