<?xml version="1.0" encoding="UTF-8"?>
<testsuite name="RegisterTest" tests="1" skipped="0" failures="0" errors="0" timestamp="2021-02-08T22:27:46" hostname="DESKTOP-T9RUIH0" time="0.032">
  <properties/>
  <testcase name="testGetStudentsByName" classname="RegisterTest" time="0.032"/>
  <system-out><![CDATA[[Student{name: Akua, level: L100, grades: [50.0, 64.3, 89.9]}, Student{name: Sylvia, level: L300, grades: [19.0, 91.0, 39.0]}]
]]></system-out>
  <system-err><![CDATA[]]></system-err>
</testsuite>
